This is TeX, Version 3.1415 (C version 6.1) (format=latex 97.1.3)  5 MAR 1998 16:37
**bylaw
(bylaw
LaTeX2e <1996/06/01>
! Undefined control sequence.
l.1 \begindata
              {text,17076184}
? 
! Emergency stop.
l.1 \begindata
              {text,17076184}
End of file on the terminal!

 
Here is how much of TeX's memory you used:
 3 strings out of 10943
 19 string characters out of 73346
 41555 words of memory out of 262141
 2943 multiletter control sequences out of 9500
 3640 words of font info for 14 fonts, out of 100000 for 255
 14 hyphenation exceptions out of 607
 4i,0n,1p,33b,7s stack positions out of 300i,100n,60p,3000b,4000s
No pages of output.
