This is pdfTeX, Version 3.1415926-2.5-1.40.14 (TeX Live 2013) (format=pdflatex 2015.12.3)  27 MAR 2016 20:43
entering extended mode
 restricted \write18 enabled.
 %&-line parsing enabled.
**bylaws.tex
(./bylaws.tex
LaTeX2e <2011/06/27>
Babel <v3.8m> and hyphenation patterns for english, dumylang, nohyphenation, lo
aded.
(/usr/share/texlive/texmf-dist/tex/latex/base/article.cls
Document Class: article 2007/10/19 v1.4h Standard LaTeX document class
(/usr/share/texlive/texmf-dist/tex/latex/base/size10.clo
File: size10.clo 2007/10/19 v1.4h Standard LaTeX file (size option)
)
\c@part=\count79
\c@section=\count80
\c@subsection=\count81
\c@subsubsection=\count82
\c@paragraph=\count83
\c@subparagraph=\count84
\c@figure=\count85
\c@table=\count86
\abovecaptionskip=\skip41
\belowcaptionskip=\skip42
\bibindent=\dimen102
)
(/usr/share/texlive/texmf-dist/tex/latex/graphics/graphicx.sty
Package: graphicx 1999/02/16 v1.0f Enhanced LaTeX Graphics (DPC,SPQR)

(/usr/share/texlive/texmf-dist/tex/latex/graphics/keyval.sty
Package: keyval 1999/03/16 v1.13 key=value parser (DPC)
\KV@toks@=\toks14
)
(/usr/share/texlive/texmf-dist/tex/latex/graphics/graphics.sty
Package: graphics 2009/02/05 v1.0o Standard LaTeX Graphics (DPC,SPQR)

(/usr/share/texlive/texmf-dist/tex/latex/graphics/trig.sty
Package: trig 1999/03/16 v1.09 sin cos tan (DPC)
)
(/usr/share/texlive/texmf-dist/tex/latex/latexconfig/graphics.cfg
File: graphics.cfg 2010/04/23 v1.9 graphics configuration of TeX Live
)
Package graphics Info: Driver file: pdftex.def on input line 91.

(/usr/share/texlive/texmf-dist/tex/latex/pdftex-def/pdftex.def
File: pdftex.def 2011/05/27 v0.06d Graphics/color for pdfTeX

(/usr/share/texlive/texmf-dist/tex/generic/oberdiek/infwarerr.sty
Package: infwarerr 2010/04/08 v1.3 Providing info/warning/error messages (HO)
)
(/usr/share/texlive/texmf-dist/tex/generic/oberdiek/ltxcmds.sty
Package: ltxcmds 2011/11/09 v1.22 LaTeX kernel commands for general use (HO)
)
\Gread@gobject=\count87
))
\Gin@req@height=\dimen103
\Gin@req@width=\dimen104
)
(./bylaws.aux)
\openout1 = `bylaws.aux'.

LaTeX Font Info:    Checking defaults for OML/cmm/m/it on input line 3.
LaTeX Font Info:    ... okay on input line 3.
LaTeX Font Info:    Checking defaults for T1/cmr/m/n on input line 3.
LaTeX Font Info:    ... okay on input line 3.
LaTeX Font Info:    Checking defaults for OT1/cmr/m/n on input line 3.
LaTeX Font Info:    ... okay on input line 3.
LaTeX Font Info:    Checking defaults for OMS/cmsy/m/n on input line 3.
LaTeX Font Info:    ... okay on input line 3.
LaTeX Font Info:    Checking defaults for OMX/cmex/m/n on input line 3.
LaTeX Font Info:    ... okay on input line 3.
LaTeX Font Info:    Checking defaults for U/cmr/m/n on input line 3.
LaTeX Font Info:    ... okay on input line 3.
 (/usr/share/texlive/texmf-dist/tex/context/base/supp-pdf.mkii
[Loading MPS to PDF converter (version 2006.09.02).]
\scratchcounter=\count88
\scratchdimen=\dimen105
\scratchbox=\box26
\nofMPsegments=\count89
\nofMParguments=\count90
\everyMPshowfont=\toks15
\MPscratchCnt=\count91
\MPscratchDim=\dimen106
\MPnumerator=\count92
\makeMPintoPDFobject=\count93
\everyMPtoPDFconversion=\toks16
) (/usr/share/texlive/texmf-dist/tex/generic/oberdiek/pdftexcmds.sty
Package: pdftexcmds 2011/11/29 v0.20 Utility functions of pdfTeX for LuaTeX (HO
)

(/usr/share/texlive/texmf-dist/tex/generic/oberdiek/ifluatex.sty
Package: ifluatex 2010/03/01 v1.3 Provides the ifluatex switch (HO)
Package ifluatex Info: LuaTeX not detected.
)
(/usr/share/texlive/texmf-dist/tex/generic/oberdiek/ifpdf.sty
Package: ifpdf 2011/01/30 v2.3 Provides the ifpdf switch (HO)
Package ifpdf Info: pdfTeX in PDF mode is detected.
)
Package pdftexcmds Info: LuaTeX not detected.
Package pdftexcmds Info: \pdf@primitive is available.
Package pdftexcmds Info: \pdf@ifprimitive is available.
Package pdftexcmds Info: \pdfdraftmode found.
)
(/usr/share/texlive/texmf-dist/tex/latex/oberdiek/epstopdf-base.sty
Package: epstopdf-base 2010/02/09 v2.5 Base part for package epstopdf

(/usr/share/texlive/texmf-dist/tex/latex/oberdiek/grfext.sty
Package: grfext 2010/08/19 v1.1 Manage graphics extensions (HO)

(/usr/share/texlive/texmf-dist/tex/generic/oberdiek/kvdefinekeys.sty
Package: kvdefinekeys 2011/04/07 v1.3 Define keys (HO)
))
(/usr/share/texlive/texmf-dist/tex/latex/oberdiek/kvoptions.sty
Package: kvoptions 2011/06/30 v3.11 Key value format for package options (HO)

(/usr/share/texlive/texmf-dist/tex/generic/oberdiek/kvsetkeys.sty
Package: kvsetkeys 2012/04/25 v1.16 Key value parser (HO)

(/usr/share/texlive/texmf-dist/tex/generic/oberdiek/etexcmds.sty
Package: etexcmds 2011/02/16 v1.5 Avoid name clashes with e-TeX commands (HO)
Package etexcmds Info: Could not find \expanded.
(etexcmds)             That can mean that you are not using pdfTeX 1.50 or
(etexcmds)             that some package has redefined \expanded.
(etexcmds)             In the latter case, load this package earlier.
)))
Package grfext Info: Graphics extension search list:
(grfext)             [.png,.pdf,.jpg,.mps,.jpeg,.jbig2,.jb2,.PNG,.PDF,.JPG,.JPE
G,.JBIG2,.JB2,.eps]
(grfext)             \AppendGraphicsExtensions on input line 452.

(/usr/share/texlive/texmf-dist/tex/latex/latexconfig/epstopdf-sys.cfg
File: epstopdf-sys.cfg 2010/07/13 v1.3 Configuration of (r)epstopdf for TeX Liv
e
))
Overfull \hbox (26.49701pt too wide) in paragraph at lines 285--285
 []\OT1/cmtt/m/n/10 Section 3. The organization shall not be conducted or opera
ted for[] 
 []


Overfull \hbox (36.99692pt too wide) in paragraph at lines 285--285
 []\OT1/cmtt/m/n/10 profit and no part of any profits or remainder or residue f
rom dues,[] 
 []


Overfull \hbox (42.24687pt too wide) in paragraph at lines 285--285
 []\OT1/cmtt/m/n/10 donations, or other sources of income to the organization s
hall inure[] 
 []


Overfull \hbox (47.49683pt too wide) in paragraph at lines 285--285
 []\OT1/cmtt/m/n/10 Section 1. Standing Definitions. The terms defined as follo
ws shall be[] 
 []


Overfull \hbox (42.24687pt too wide) in paragraph at lines 285--285
 []    \OT1/cmtt/m/n/10 a. Majority. A majority shall be defined as a number gr
eater then[] 
 []


Overfull \hbox (52.74678pt too wide) in paragraph at lines 285--285
 []    \OT1/cmtt/m/n/10 b. Organization Quorum. A quorum of the organization is
 required in[] 
 []


Overfull \hbox (57.99673pt too wide) in paragraph at lines 285--285
 []    \OT1/cmtt/m/n/10 order to hold meetings as set forth in Article IV, Sect
ions 1 and 2,[] 
 []


Overfull \hbox (57.99673pt too wide) in paragraph at lines 285--285
 []    \OT1/cmtt/m/n/10 and shall be either a majority of the voting members or
 seventy-five[] 
 []


Overfull \hbox (52.74678pt too wide) in paragraph at lines 285--285
 []    \OT1/cmtt/m/n/10 c. Board Quorum. A quorum of the Board is required in o
rder to hold[] 
 []


Overfull \hbox (47.49683pt too wide) in paragraph at lines 285--285
 []    \OT1/cmtt/m/n/10 meetings set forth in Article IV, Sections 3, 4, and 5,
 shall be a[] 
 []


Overfull \hbox (63.24669pt too wide) in paragraph at lines 285--285
 []    \OT1/cmtt/m/n/10 d. Written Petitions. All written petitions shall bear 
the signatures[] 
 []


Overfull \hbox (42.24687pt too wide) in paragraph at lines 285--285
 []    \OT1/cmtt/m/n/10 of either ten (10) members, or twenty percent (20%) of 
the voting[] 
 []


Overfull \hbox (57.99673pt too wide) in paragraph at lines 285--285
 []    \OT1/cmtt/m/n/10 e. Member in Good Standing.  A member is in good standi
ng whose dues[] 
 []


Overfull \hbox (57.99673pt too wide) in paragraph at lines 285--285
 []    \OT1/cmtt/m/n/10 are current and whose other monetary obligations to the
 organization[] 
 []


Overfull \hbox (47.49683pt too wide) in paragraph at lines 285--285
 []         \OT1/cmtt/m/n/10 1) within sixty (60) days of the obligation's crea
tion, or 2)[] 
 []


Overfull \hbox (5.4972pt too wide) in paragraph at lines 285--285
 []         \OT1/cmtt/m/n/10 by the Annual Meeting (as defined in Art. VI, Sec.
 2)[] 
 []


Overfull \hbox (36.99692pt too wide) in paragraph at lines 285--285
 []    \OT1/cmtt/m/n/10 whichever comes first unless such obligations are creat
ed within[] 
 []

[1

{/usr/share/texlive/texmf/fonts/map/pdftex/updmap/pdftex.map}]
Overfull \hbox (47.49683pt too wide) in paragraph at lines 285--285
 []    \OT1/cmtt/m/n/10 seven (7) days prior to the Annual Meeting, in which ca
se clause 2[] 
 []


Overfull \hbox (47.49683pt too wide) in paragraph at lines 285--285
 []    \OT1/cmtt/m/n/10 f. Voting Member. A voting member is a member in good s
tanding who[] 
 []


Overfull \hbox (52.74678pt too wide) in paragraph at lines 285--285
 []    \OT1/cmtt/m/n/10 has attended at least one (1) previous meeting during t
heir current[] 
 []


Overfull \hbox (21.24706pt too wide) in paragraph at lines 285--285
 []    \OT1/cmtt/m/n/10 g. Mailing. A mailing may be by physical or electronic 
means.[] 
 []


Overfull \hbox (52.74678pt too wide) in paragraph at lines 285--285
 []    \OT1/cmtt/m/n/10 Such mail must be individually addressed to each recipi
ent, and may[] 
 []


Overfull \hbox (31.74696pt too wide) in paragraph at lines 285--285
 []    \OT1/cmtt/m/n/10 not only be to a single central bulletin board or other
 medium.[] 
 []


Overfull \hbox (57.99673pt too wide) in paragraph at lines 285--285
 []    \OT1/cmtt/m/n/10 h. Active Member.  An active member shall be a voting m
ember who has[] 
 []


Overfull \hbox (57.99673pt too wide) in paragraph at lines 285--285
 []    \OT1/cmtt/m/n/10 attended at least one of the three (3) previous regular
 organization[] 
 []


Overfull \hbox (31.74696pt too wide) in paragraph at lines 285--285
 []    \OT1/cmtt/m/n/10 meetings as set forth in Article IV, Section 1 of these
 bylaws.[] 
 []


Overfull \hbox (47.49683pt too wide) in paragraph at lines 285--285
 []    \OT1/cmtt/m/n/10 i. Annual Meeting.  The annual meeting is the meeting a
t which the[] 
 []


Overfull \hbox (47.49683pt too wide) in paragraph at lines 285--285
 []    \OT1/cmtt/m/n/10 officers shall be elected for the ensuing year, and at 
which other[] 
 []


Overfull \hbox (47.49683pt too wide) in paragraph at lines 285--285
 []    \OT1/cmtt/m/n/10 significant business is conducted in accordance with th
ese bylaws,[] 
 []


Overfull \hbox (5.4972pt too wide) in paragraph at lines 285--285
 []    \OT1/cmtt/m/n/10 and is described in Article VI, Section 2 of these byla
ws.[] 
 []


Overfull \hbox (47.49683pt too wide) in paragraph at lines 285--285
 []    \OT1/cmtt/m/n/10 j. Random Process.  A random process shall be any metho
d of choice[] 
 []


Overfull \hbox (31.74696pt too wide) in paragraph at lines 285--285
 []    \OT1/cmtt/m/n/10 which assigns an equal probability of selection to each
 option.[] 
 []


Overfull \hbox (36.99692pt too wide) in paragraph at lines 285--285
 []    \OT1/cmtt/m/n/10 k. Duck. Anything that looks like a duck, walks like a 
duck, and[] 
 []


Overfull \hbox (42.24687pt too wide) in paragraph at lines 285--285
 []    \OT1/cmtt/m/n/10 l. Zombie Dollar.  One zombie dollar is the equivalent 
of the fee[] 
 []


Overfull \hbox (26.49701pt too wide) in paragraph at lines 285--285
 []    \OT1/cmtt/m/n/10 assessed members with a body temperature equal to or le
ss than[] 
 []


Overfull \hbox (42.24687pt too wide) in paragraph at lines 285--285
 []    \OT1/cmtt/m/n/10 fifty (50) degrees Fahrenheit, as defined in Article II
I, Section[] 
 []


Overfull \hbox (52.74678pt too wide) in paragraph at lines 285--285
 []    \OT1/cmtt/m/n/10 m. Term of Membership.  A member's term of membership i
s the length[] 
 []


Overfull \hbox (52.74678pt too wide) in paragraph at lines 285--285
 []    \OT1/cmtt/m/n/10 of time covered by their most recent payment of dues, o
r the period[] 
 []


Overfull \hbox (26.49701pt too wide) in paragraph at lines 285--285
 []    \OT1/cmtt/m/n/10 dating back to when they most recently became a member 
of KGB,[] 
 []


Overfull \hbox (52.74678pt too wide) in paragraph at lines 285--285
 []\OT1/cmtt/m/n/10 Section 2. Provisional Definitions. All terms not previousl
y defined as[] 
 []


Overfull \hbox (47.49683pt too wide) in paragraph at lines 285--285
 []\OT1/cmtt/m/n/10 standing Definitions shall be defined according to the curr
ent edition[] 
 []


Overfull \hbox (52.74678pt too wide) in paragraph at lines 285--285
 []\OT1/cmtt/m/n/10 Section 1. Membership. Each individual voting member shall 
have one (1)[] 
 []


Overfull \hbox (63.24669pt too wide) in paragraph at lines 285--285
 []\OT1/cmtt/m/n/10 vote. Each member shall receive one (1) copy of any notices
, publications[] 
 []


Overfull \hbox (47.49683pt too wide) in paragraph at lines 285--285
 []\OT1/cmtt/m/n/10 Section 2. Becoming a Member.  Any person whose dues have b
een paid to[] 
 []


Overfull \hbox (36.99692pt too wide) in paragraph at lines 285--285
 []\OT1/cmtt/m/n/10 the Treasurer and whose body temperature is above fifty (50
) degrees[] 
 []


Overfull \hbox (63.24669pt too wide) in paragraph at lines 285--285
 []\OT1/cmtt/m/n/10 Fahrenheit shall be considered a member.  However, the seco
nd requirement[] 
 []


Overfull \hbox (31.74696pt too wide) in paragraph at lines 285--285
 []\OT1/cmtt/m/n/10 can be waived for the fee of siz (6) dollars. The KGB abide
s by the[] 
 []


Overfull \hbox (42.24687pt too wide) in paragraph at lines 285--285
 []\OT1/cmtt/m/n/10 Section 3. Dues. Membership dues for the next year shall be
 suggested[] 
 []


Overfull \hbox (36.99692pt too wide) in paragraph at lines 285--285
 []\OT1/cmtt/m/n/10 annually by the Executive Board in March, and approved or c
hanged by[] 
 []

[2]
Overfull \hbox (42.24687pt too wide) in paragraph at lines 285--285
 []\OT1/cmtt/m/n/10 the voting membership at the April meeting.  Dues shall be 
payable on[] 
 []


Overfull \hbox (26.49701pt too wide) in paragraph at lines 285--285
 []\OT1/cmtt/m/n/10 Section 4. Termination. Memberships may be terminated volun
tarily:[] 
 []


Overfull \hbox (52.74678pt too wide) in paragraph at lines 285--285
 []    \OT1/cmtt/m/n/10 a. by resignation. Any member may resign from the organ
ization upon[] 
 []


Overfull \hbox (15.9971pt too wide) in paragraph at lines 285--285
 []    \OT1/cmtt/m/n/10 b. by lapsing. A membership will be considered as lapse
d and[] 
 []


Overfull \hbox (52.74678pt too wide) in paragraph at lines 285--285
 []    \OT1/cmtt/m/n/10 automatically terminated if such member's dues remain u
npaid thirty[] 
 []


Overfull \hbox (31.74696pt too wide) in paragraph at lines 285--285
 []    \OT1/cmtt/m/n/10 (30) days after the deadline for payment of dues.  Howe
ver, the[] 
 []


Overfull \hbox (63.24669pt too wide) in paragraph at lines 285--285
 []    \OT1/cmtt/m/n/10 Executive Board may grant an additional thirty (30) day
s grace period[] 
 []


Overfull \hbox (42.24687pt too wide) in paragraph at lines 285--285
 []    \OT1/cmtt/m/n/10 to such delinquent members in exceptional cases. In no 
case may a[] 
 []


Overfull \hbox (42.24687pt too wide) in paragraph at lines 285--285
 []    \OT1/cmtt/m/n/10 person be entitled to vote at any organization meeting 
whose dues[] 
 []


Overfull \hbox (36.99692pt too wide) in paragraph at lines 285--285
 []    \OT1/cmtt/m/n/10 are unpaid as of the date of that meeting, or who are s
ixty (60)[] 
 []


Overfull \hbox (47.49683pt too wide) in paragraph at lines 285--285
 []    \OT1/cmtt/m/n/10 days in arrears of other monetary obligations to the or
ganization.[] 
 []


Overfull \hbox (47.49683pt too wide) in paragraph at lines 285--285
 []\OT1/cmtt/m/n/10 Section 5. Refund of Dues. Membership dues will not be refu
nded either[] 
 []


Overfull \hbox (63.24669pt too wide) in paragraph at lines 285--285
 []\OT1/cmtt/m/n/10 wholly or in part for any reason save extreme circumstances
 as determined[] 
 []


Overfull \hbox (42.24687pt too wide) in paragraph at lines 285--285
 []\OT1/cmtt/m/n/10 Section 6. Benefits of Membership. All members in good stan
ding shall[] 
 []


Overfull \hbox (47.49683pt too wide) in paragraph at lines 285--285
 []\OT1/cmtt/m/n/10 receive all benefits of membership except as stipulated in 
the bylaws.[] 
 []


Overfull \hbox (21.24706pt too wide) in paragraph at lines 285--285
 []\OT1/cmtt/m/n/10 Section 1. Regular Organization Meetings. Regular meetings 
of the[] 
 []


Overfull \hbox (52.74678pt too wide) in paragraph at lines 285--285
 []\OT1/cmtt/m/n/10 organization shall be held as directed by the Executive Boa
rd.  Written[] 
 []


Overfull \hbox (47.49683pt too wide) in paragraph at lines 285--285
 []\OT1/cmtt/m/n/10 notice of such meetings shall be mailed to the membership a
t least six[] 
 []


Overfull \hbox (57.99673pt too wide) in paragraph at lines 285--285
 []\OT1/cmtt/m/n/10 (6) days prior to the date of the first such meeting of eac
h semester by[] 
 []


Overfull \hbox (57.99673pt too wide) in paragraph at lines 285--285
 []\OT1/cmtt/m/n/10 the Corresponding Secretary through the official organizati
on newsletter[] 
 []


Overfull \hbox (47.49683pt too wide) in paragraph at lines 285--285
 []\OT1/cmtt/m/n/10 or by other mailing, as well as upon any change in the anno
unced time.[] 
 []


Overfull \hbox (21.24706pt too wide) in paragraph at lines 285--285
 []\OT1/cmtt/m/n/10 Section 2. Special Organization Meetings. Special meetings 
of the[] 
 []


Overfull \hbox (42.24687pt too wide) in paragraph at lines 285--285
 []\OT1/cmtt/m/n/10 organization may be called by the President, or by a majori
ty vote of[] 
 []


Overfull \hbox (36.99692pt too wide) in paragraph at lines 285--285
 []\OT1/cmtt/m/n/10 the members of the Executive Board who are present and voti
ng at any[] 
 []


Overfull \hbox (47.49683pt too wide) in paragraph at lines 285--285
 []\OT1/cmtt/m/n/10 regular or special meeting of the Board, or by the Recordin
g Secretary[] 
 []


Overfull \hbox (68.49664pt too wide) in paragraph at lines 285--285
 []\OT1/cmtt/m/n/10 upon receipt of a written petition.  Written notice of such
 meetings shall[] 
 []


Overfull \hbox (57.99673pt too wide) in paragraph at lines 285--285
 []\OT1/cmtt/m/n/10 be mailed by the Corresponding Secretary at least three (3)
 and not more[] 
 []


Overfull \hbox (36.99692pt too wide) in paragraph at lines 285--285
 []\OT1/cmtt/m/n/10 than fifteen (15) days prior to the date of the meeting. Su
ch notice[] 
 []


Overfull \hbox (36.99692pt too wide) in paragraph at lines 285--285
 []\OT1/cmtt/m/n/10 shall state the purpose(s) of the meeting, and no other org
anization[] 
 []


Overfull \hbox (36.99692pt too wide) in paragraph at lines 285--285
 []\OT1/cmtt/m/n/10 Section 3. Regular Executive Board Meetings. Regular meetin
gs of the[] 
 []


Overfull \hbox (47.49683pt too wide) in paragraph at lines 285--285
 []\OT1/cmtt/m/n/10 Executive Board shall be held as directed by the Board, wit
h a minimum[] 
 []


Overfull \hbox (42.24687pt too wide) in paragraph at lines 285--285
 []\OT1/cmtt/m/n/10 of two (2) such meetings per semester.  Notice of such meet
ings shall[] 
 []


Overfull \hbox (47.49683pt too wide) in paragraph at lines 285--285
 []\OT1/cmtt/m/n/10 be mailed to the membership at least six (6) days prior to 
the date of[] 
 []


Overfull \hbox (47.49683pt too wide) in paragraph at lines 285--285
 []\OT1/cmtt/m/n/10 the first such meeting of each semester by the Correspondin
g Secretary[] 
 []


Overfull \hbox (26.49701pt too wide) in paragraph at lines 285--285
 []\OT1/cmtt/m/n/10 and upon any change in the announced time.  Such meetings s
hall be[] 
 []


Overfull \hbox (26.49701pt too wide) in paragraph at lines 285--285
 []\OT1/cmtt/m/n/10 closed to non-members of the organization unless the indivi
dual(s)[] 
 []


Overfull \hbox (36.99692pt too wide) in paragraph at lines 285--285
 []\OT1/cmtt/m/n/10 should be specifically invited by the Board, in which case 
the cause[] 
 []


Overfull \hbox (42.24687pt too wide) in paragraph at lines 285--285
 []\OT1/cmtt/m/n/10 for the non-member presence shall be the first order of bus
iness, and[] 
 []


Overfull \hbox (0.24724pt too wide) in paragraph at lines 285--285
 []\OT1/cmtt/m/n/10 after which the non-member may be asked to leave the meetin
g.[] 
 []

[3]
Overfull \hbox (36.99692pt too wide) in paragraph at lines 285--285
 []\OT1/cmtt/m/n/10 Section 4. Special Executive Board Meetings. Special meetin
gs of the[] 
 []


Overfull \hbox (31.74696pt too wide) in paragraph at lines 285--285
 []\OT1/cmtt/m/n/10 Executive Board may be called by the President, or by the R
ecording[] 
 []


Overfull \hbox (63.24669pt too wide) in paragraph at lines 285--285
 []\OT1/cmtt/m/n/10 Secretary upon the receipt of a written petition signed by 
at least three[] 
 []


Overfull \hbox (57.99673pt too wide) in paragraph at lines 285--285
 []\OT1/cmtt/m/n/10 (3) members of the Board.  Notice of such meetings shall be
 given to the[] 
 []


Overfull \hbox (36.99692pt too wide) in paragraph at lines 285--285
 []\OT1/cmtt/m/n/10 membership at least five (5) days prior to the meeting.  Su
ch notice[] 
 []


Overfull \hbox (31.74696pt too wide) in paragraph at lines 285--285
 []\OT1/cmtt/m/n/10 shall state the purpose of the meeting and no other busines
s may be[] 
 []


Overfull \hbox (52.74678pt too wide) in paragraph at lines 285--285
 []\OT1/cmtt/m/n/10 transacted thereat.  In addition, all restrictions in Secti
on 3 of this[] 
 []


Overfull \hbox (42.24687pt too wide) in paragraph at lines 285--285
 []\OT1/cmtt/m/n/10 Section 5. Emergency Board Meetings.  Emergency meetings of
 the Board[] 
 []


Overfull \hbox (47.49683pt too wide) in paragraph at lines 285--285
 []\OT1/cmtt/m/n/10 may be called by the President or First Vice-President and 
may be held[] 
 []


Overfull \hbox (36.99692pt too wide) in paragraph at lines 285--285
 []\OT1/cmtt/m/n/10 by phone.  Notice of such meetings shall be given to the of
ficers at[] 
 []


Overfull \hbox (47.49683pt too wide) in paragraph at lines 285--285
 []\OT1/cmtt/m/n/10 least one (1) day prior to the meeting.  Any majority decis
ion reached[] 
 []


Overfull \hbox (31.74696pt too wide) in paragraph at lines 285--285
 []\OT1/cmtt/m/n/10 will be entered into the minutes of the next regular Board 
meeting.[] 
 []


Overfull \hbox (68.49664pt too wide) in paragraph at lines 285--285
 []\OT1/cmtt/m/n/10 Section 6. Voting. Each voting member shall be entitled to 
one (1) vote at[] 
 []


Overfull \hbox (52.74678pt too wide) in paragraph at lines 285--285
 []\OT1/cmtt/m/n/10 any regular meeting of the organization at which the member
 is present.[] 
 []


Overfull \hbox (52.74678pt too wide) in paragraph at lines 285--285
 []\OT1/cmtt/m/n/10 Absentee voting will be permitted only for elections.  Abse
ntee ballots[] 
 []


Overfull \hbox (31.74696pt too wide) in paragraph at lines 285--285
 []\OT1/cmtt/m/n/10 must be submitted to all the election proctors at least twe
lve (12)[] 
 []


Overfull \hbox (47.49683pt too wide) in paragraph at lines 285--285
 []\OT1/cmtt/m/n/10 hours in advance of the commencement of the Annual Meeting,
 unless the[] 
 []


Overfull \hbox (57.99673pt too wide) in paragraph at lines 285--285
 []\OT1/cmtt/m/n/10 proctors decide to accept absentee ballots after this deadl
ine. Absentee[] 
 []


Overfull \hbox (52.74678pt too wide) in paragraph at lines 285--285
 []\OT1/cmtt/m/n/10 ballots may be submitted by electronic mail, in person, or 
by any other[] 
 []


Overfull \hbox (26.49701pt too wide) in paragraph at lines 285--285
 []\OT1/cmtt/m/n/10 Section 1. Executive Board. The officers of the organizatio
n shall[] 
 []


Overfull \hbox (36.99692pt too wide) in paragraph at lines 285--285
 []\OT1/cmtt/m/n/10 constitute the Executive board.  The power necessary for th
e general[] 
 []


Overfull \hbox (63.24669pt too wide) in paragraph at lines 285--285
 []\OT1/cmtt/m/n/10 management of the organization's affairs shall be entrusted
 to the Board,[] 
 []


Overfull \hbox (57.99673pt too wide) in paragraph at lines 285--285
 []    \OT1/cmtt/m/n/10 a. The Board shall be subject to the orders of the orga
nization, and[] 
 []


Overfull \hbox (68.49664pt too wide) in paragraph at lines 285--285
 []    \OT1/cmtt/m/n/10 none of its acts shall conflict with action taken by th
e organization,[] 
 []


Overfull \hbox (42.24687pt too wide) in paragraph at lines 285--285
 []    \OT1/cmtt/m/n/10 and the organization may countermand any decision of th
e board by[] 
 []


Overfull \hbox (47.49683pt too wide) in paragraph at lines 285--285
 []    \OT1/cmtt/m/n/10 a majority vote, thus opening up the question for consi
deration by[] 
 []


Overfull \hbox (42.24687pt too wide) in paragraph at lines 285--285
 []    \OT1/cmtt/m/n/10 b. The Board shall not distribute the organization's fu
nds except[] 
 []


Overfull \hbox (21.24706pt too wide) in paragraph at lines 285--285
 []\OT1/cmtt/m/n/10 Section 2. Officers. The organization officers, consisting 
of the[] 
 []


Overfull \hbox (47.49683pt too wide) in paragraph at lines 285--285
 []\OT1/cmtt/m/n/10 following, shall serve in their respective capacities both 
with regard[] 
 []


Overfull \hbox (36.99692pt too wide) in paragraph at lines 285--285
 []\OT1/cmtt/m/n/10 to the organization and its meetings and the Board and its 
meetings.[] 
 []


Overfull \hbox (47.49683pt too wide) in paragraph at lines 285--285
 []    \OT1/cmtt/m/n/10 a. The President shall preside at all meetings of the o
rganization[] 
 []


Overfull \hbox (31.74696pt too wide) in paragraph at lines 285--285
 []    \OT1/cmtt/m/n/10 and of the Board, and shall have the duties and powers 
normally[] 
 []


Overfull \hbox (52.74678pt too wide) in paragraph at lines 285--285
 []    \OT1/cmtt/m/n/10 applicable to the office of President in addition to th
ose provided[] 
 []


Overfull \hbox (36.99692pt too wide) in paragraph at lines 285--285
 []    \OT1/cmtt/m/n/10 b. The First Vice-President shall be in charge of fello
wship and[] 
 []


Overfull \hbox (21.24706pt too wide) in paragraph at lines 285--285
 []    \OT1/cmtt/m/n/10 c. The Second Vice-President shall be in charge of orga
nizing[] 
 []

[4]
Overfull \hbox (68.49664pt too wide) in paragraph at lines 285--285
 []    \OT1/cmtt/m/n/10 d. The Corresponding Secretary shall have charge of all
 correspondence[] 
 []


Overfull \hbox (57.99673pt too wide) in paragraph at lines 285--285
 []    \OT1/cmtt/m/n/10 pertinent to the organization other than the correspond
ence reserved[] 
 []


Overfull \hbox (21.24706pt too wide) in paragraph at lines 285--285
 []    \OT1/cmtt/m/n/10 for the Recording Secretary and Treasurer.  The Corresp
onding[] 
 []


Overfull \hbox (21.24706pt too wide) in paragraph at lines 285--285
 []    \OT1/cmtt/m/n/10 Secretary shall be the Editor of the organization Newsl
etter.[] 
 []


Overfull \hbox (26.49701pt too wide) in paragraph at lines 285--285
 []    \OT1/cmtt/m/n/10 e. The Recording Secretary shall keep a record of all m
eetings[] 
 []


Overfull \hbox (47.49683pt too wide) in paragraph at lines 285--285
 []    \OT1/cmtt/m/n/10 of the organization and of the Board and of all matters
 of which a[] 
 []


Overfull \hbox (63.24669pt too wide) in paragraph at lines 285--285
 []    \OT1/cmtt/m/n/10 record shall be ordered by the organization.  The Recor
ding Secretary[] 
 []


Overfull \hbox (57.99673pt too wide) in paragraph at lines 285--285
 []    \OT1/cmtt/m/n/10 shall keep a roll of the members of the organization wi
th applicable[] 
 []


Overfull \hbox (47.49683pt too wide) in paragraph at lines 285--285
 []    \OT1/cmtt/m/n/10 information, including attendance at meetings of the ge
neral body;[] 
 []


Overfull \hbox (31.74696pt too wide) in paragraph at lines 285--285
 []    \OT1/cmtt/m/n/10 furthermore, the Recording Secretary shall carry out su
ch other[] 
 []


Overfull \hbox (52.74678pt too wide) in paragraph at lines 285--285
 []    \OT1/cmtt/m/n/10 duties as are prescribed in these bylaws, and shall hav
e the duties[] 
 []


Overfull \hbox (63.24669pt too wide) in paragraph at lines 285--285
 []    \OT1/cmtt/m/n/10 and powers normally applicable to the office of Secreta
ry, except for[] 
 []


Overfull \hbox (57.99673pt too wide) in paragraph at lines 285--285
 []    \OT1/cmtt/m/n/10 those duties and powers assigned to another officer by 
these bylaws.[] 
 []


Overfull \hbox (36.99692pt too wide) in paragraph at lines 285--285
 []    \OT1/cmtt/m/n/10 In the absence of the Recording Secretary, the duties a
nd powers[] 
 []


Overfull \hbox (52.74678pt too wide) in paragraph at lines 285--285
 []    \OT1/cmtt/m/n/10 thereof shall be executed by the Corresponding Secretar
y, or in the[] 
 []


Overfull \hbox (52.74678pt too wide) in paragraph at lines 285--285
 []    \OT1/cmtt/m/n/10 absence thereof, the most senior officer present not pr
esiding over[] 
 []


Overfull \hbox (15.9971pt too wide) in paragraph at lines 285--285
 []    \OT1/cmtt/m/n/10 f. The Treasurer shall collect and receive all moneys d
ue or[] 
 []


Overfull \hbox (26.49701pt too wide) in paragraph at lines 285--285
 []    \OT1/cmtt/m/n/10 belonging to the organization, and shall deposit the sa
me in a[] 
 []


Overfull \hbox (36.99692pt too wide) in paragraph at lines 285--285
 []    \OT1/cmtt/m/n/10 bank satisfactory to the Board, in the name of the orga
nization.[] 
 []


Overfull \hbox (63.24669pt too wide) in paragraph at lines 285--285
 []    \OT1/cmtt/m/n/10 The Treasurer's books shall be open at all times to the
 inspection of[] 
 []


Overfull \hbox (68.49664pt too wide) in paragraph at lines 285--285
 []    \OT1/cmtt/m/n/10 the Board, and the Treasurer shall report to the Board 
and the general[] 
 []


Overfull \hbox (31.74696pt too wide) in paragraph at lines 285--285
 []    \OT1/cmtt/m/n/10 membership at every meeting the condition of the organi
zation's[] 
 []


Overfull \hbox (26.49701pt too wide) in paragraph at lines 285--285
 []    \OT1/cmtt/m/n/10 finances. At the annual meeting, the Treasurer shall re
nder an[] 
 []


Overfull \hbox (31.74696pt too wide) in paragraph at lines 285--285
 []    \OT1/cmtt/m/n/10 account of all moneys received and expended during the 
previous[] 
 []


Overfull \hbox (26.49701pt too wide) in paragraph at lines 285--285
 []    \OT1/cmtt/m/n/10 fiscal year. During the month of September the Treasure
r shall[] 
 []


Overfull \hbox (42.24687pt too wide) in paragraph at lines 285--285
 []    \OT1/cmtt/m/n/10 mail to each member a statement of dues for the ensuing
 year. The[] 
 []


Overfull \hbox (47.49683pt too wide) in paragraph at lines 285--285
 []    \OT1/cmtt/m/n/10 Treasurer shall disperse funds as directed by the Execu
tive Board.[] 
 []


Overfull \hbox (68.49664pt too wide) in paragraph at lines 285--285
 []    \OT1/cmtt/m/n/10 The Treasurer shall also be responsible for filing all 
financial forms[] 
 []


Overfull \hbox (63.24669pt too wide) in paragraph at lines 285--285
 []    \OT1/cmtt/m/n/10 applicable to the organization.  In the absence of the 
Treasurer, the[] 
 []


Overfull \hbox (52.74678pt too wide) in paragraph at lines 285--285
 []    \OT1/cmtt/m/n/10 Recording Secretary shall record allocations made or de
bts incurred[] 
 []


Overfull \hbox (63.24669pt too wide) in paragraph at lines 285--285
 []    \OT1/cmtt/m/n/10 by or to the organization; however, the Recording Secre
tary shall not[] 
 []


Overfull \hbox (57.99673pt too wide) in paragraph at lines 285--285
 []    \OT1/cmtt/m/n/10 disburse or collect moneys, unless authorized so to do 
by the Board.[] 
 []


Overfull \hbox (31.74696pt too wide) in paragraph at lines 285--285
 []    \OT1/cmtt/m/n/10 g. The Sergeant-at-Arms shall assist in preserving orde
r as the[] 
 []


Overfull \hbox (31.74696pt too wide) in paragraph at lines 285--285
 []    \OT1/cmtt/m/n/10 chair may direct, and other duties as set forth in the 
standing[] 
 []


Overfull \hbox (52.74678pt too wide) in paragraph at lines 285--285
 []\OT1/cmtt/m/n/10 Section 3. Officer Requirements. All Officers of the organi
zation shall[] 
 []


Overfull \hbox (63.24669pt too wide) in paragraph at lines 285--285
 []\OT1/cmtt/m/n/10 Section 4. Vacancies. Any vacancy of an officer position oc
curring on the[] 
 []


Overfull \hbox (63.24669pt too wide) in paragraph at lines 285--285
 []\OT1/cmtt/m/n/10 Board during the year shall be filled for the unexpired ter
m of office by[] 
 []


Overfull \hbox (52.74678pt too wide) in paragraph at lines 285--285
 []\OT1/cmtt/m/n/10 a majority vote of all the remaining members of the Board b
y the second[] 
 []


Overfull \hbox (36.99692pt too wide) in paragraph at lines 285--285
 []\OT1/cmtt/m/n/10 regular meeting of the board following the creation of such
 vacancy.[] 
 []


Overfull \hbox (63.24669pt too wide) in paragraph at lines 285--285
 []\OT1/cmtt/m/n/10 Section 5. Recall of Officers. Any officer may be recalled 
for misconduct[] 
 []


Overfull \hbox (21.24706pt too wide) in paragraph at lines 285--285
 []\OT1/cmtt/m/n/10 or dereliction of duty. A written petition, stating the rea
son(s)[] 
 []


Overfull \hbox (36.99692pt too wide) in paragraph at lines 285--285
 []\OT1/cmtt/m/n/10 for recall, shall be filed with the Board.  Written notice 
of such a[] 
 []


Overfull \hbox (57.99673pt too wide) in paragraph at lines 285--285
 []\OT1/cmtt/m/n/10 petition shall be mailed to the membership.  At the next re
gular meeting[] 
 []


Overfull \hbox (57.99673pt too wide) in paragraph at lines 285--285
 []\OT1/cmtt/m/n/10 at least six (6) days after the mailing, a hearing on the m
atter will be[] 
 []

[5]
Overfull \hbox (57.99673pt too wide) in paragraph at lines 285--285
 []\OT1/cmtt/m/n/10 held and a two-thirds (2/3) vote will be required to sustai
n the recall.[] 
 []


Overfull \hbox (10.74715pt too wide) in paragraph at lines 285--285
 []\OT1/cmtt/m/n/10 Section 6. Seniority. Seniority of offices is: President, F
irst[] 
 []


Overfull \hbox (63.24669pt too wide) in paragraph at lines 285--285
 []\OT1/cmtt/m/n/10 Vice-President, Second Vice-President, Corresponding Secret
ary, Recording[] 
 []

<MusicalInterlude.png, id=20, 479.7925pt x 203.76125pt>
File: MusicalInterlude.png Graphic file (type png)

<use MusicalInterlude.png>
Package pdftex.def Info: MusicalInterlude.png used on input line 287.
(pdftex.def)             Requested size: 479.7913pt x 203.76074pt.

Overfull \hbox (64.84354pt too wide) in paragraph at lines 287--288
 [] 
 []


Overfull \hbox (57.99673pt too wide) in paragraph at lines 557--557
 []\OT1/cmtt/m/n/10 Section 1. Organization Year. The organization's fiscal yea
r shall begin[] 
 []


Overfull \hbox (57.99673pt too wide) in paragraph at lines 557--557
 []\OT1/cmtt/m/n/10 on the first day of September and end on the thirty-first d
ay of August.[] 
 []


Overfull \hbox (68.49664pt too wide) in paragraph at lines 557--557
 []\OT1/cmtt/m/n/10 The organization's official year shall begin immediately at
 the conclusion[] 
 []


Overfull \hbox (36.99692pt too wide) in paragraph at lines 557--557
 []\OT1/cmtt/m/n/10 of the election at the annual meeting and shall continue th
rough the[] 
 []


Overfull \hbox (15.9971pt too wide) in paragraph at lines 557--557
 []\OT1/cmtt/m/n/10 Section 2. Annual Meeting. No later than the last meeting i
n the[] 
 []


Overfull \hbox (47.49683pt too wide) in paragraph at lines 557--557
 []\OT1/cmtt/m/n/10 month of December the board shall set the date for the Annu
al Meeting.[] 
 []


Overfull \hbox (36.99692pt too wide) in paragraph at lines 557--557
 []\OT1/cmtt/m/n/10 The annual meeting shall be held in the month of April of e
ach year.[] 
 []


Overfull \hbox (57.99673pt too wide) in paragraph at lines 557--557
 []\OT1/cmtt/m/n/10 At the Annual Meeting the Officers for the ensuing year sha
ll be elected[] 
 []


Overfull \hbox (52.74678pt too wide) in paragraph at lines 557--557
 []\OT1/cmtt/m/n/10 by secret, written ballot from among those nominated in acc
ordance with[] 
 []


Overfull \hbox (47.49683pt too wide) in paragraph at lines 557--557
 []\OT1/cmtt/m/n/10 Section 4 of this article. They shall take office immediate
ly upon the[] 
 []


Overfull \hbox (42.24687pt too wide) in paragraph at lines 557--557
 []\OT1/cmtt/m/n/10 conclusion of the election and each retiring officer shall 
relinquish[] 
 []


Overfull \hbox (47.49683pt too wide) in paragraph at lines 557--557
 []\OT1/cmtt/m/n/10 all properties and records relating to that office within f
ifteen (15)[] 
 []


Overfull \hbox (0.24724pt too wide) in paragraph at lines 557--557
 []\OT1/cmtt/m/n/10 Section 3. Elections. The color of elections shall be purpl
e.[] 
 []


Overfull \hbox (68.49664pt too wide) in paragraph at lines 557--557
 []    \OT1/cmtt/m/n/10 a. Proctors.  For the duration of the elections at the 
Annual Meeting,[] 
 []


Overfull \hbox (36.99692pt too wide) in paragraph at lines 557--557
 []    \OT1/cmtt/m/n/10 a set of at least three proctors shall preside and keep
 order at[] 
 []


Overfull \hbox (36.99692pt too wide) in paragraph at lines 557--557
 []    \OT1/cmtt/m/n/10 the meeting.  Ballots shall be counted by at least two 
proctors.[] 
 []


Overfull \hbox (21.24706pt too wide) in paragraph at lines 557--557
 []    \OT1/cmtt/m/n/10 Proctors shall be ineligible to run in that year's elec
tions.[] 
 []


Overfull \hbox (26.49701pt too wide) in paragraph at lines 557--557
 []    \OT1/cmtt/m/n/10 Proctors shall be voting members of the organization ex
cept as[] 
 []


Overfull \hbox (21.24706pt too wide) in paragraph at lines 557--557
 []    \OT1/cmtt/m/n/10 b. Normal Proctor Selection.  At least two weeks prior 
to the[] 
 []


Overfull \hbox (47.49683pt too wide) in paragraph at lines 557--557
 []    \OT1/cmtt/m/n/10 Annual Meeting, a slate of at least three consenting me
mbers shall[] 
 []


Overfull \hbox (21.24706pt too wide) in paragraph at lines 557--557
 []    \OT1/cmtt/m/n/10 be nominated as proctors at a meeting of the Board.  A 
member[] 
 []

[6 <./MusicalInterlude.png>]
Overfull \hbox (47.49683pt too wide) in paragraph at lines 557--557
 []    \OT1/cmtt/m/n/10 shall not be nominated if any member of the Board objec
ts.  At any[] 
 []


Overfull \hbox (52.74678pt too wide) in paragraph at lines 557--557
 []    \OT1/cmtt/m/n/10 meeting of the general body thereafter prior to the Ann
ual Meeting,[] 
 []


Overfull \hbox (42.24687pt too wide) in paragraph at lines 557--557
 []    \OT1/cmtt/m/n/10 the slate may be modified or approved by a two-thirds (
2/3) vote.[] 
 []


Overfull \hbox (42.24687pt too wide) in paragraph at lines 557--557
 []    \OT1/cmtt/m/n/10 At any such time, if it has not yet approved a slate of
 proctors,[] 
 []


Overfull \hbox (31.74696pt too wide) in paragraph at lines 557--557
 []    \OT1/cmtt/m/n/10 the organization may elect to request proctors from an 
external[] 
 []


Overfull \hbox (36.99692pt too wide) in paragraph at lines 557--557
 []    \OT1/cmtt/m/n/10 c. Emergency Proctor Selection.  If, at the Annual Meet
ing, less[] 
 []


Overfull \hbox (36.99692pt too wide) in paragraph at lines 557--557
 []    \OT1/cmtt/m/n/10 than three approved proctors are in attendance, the gen
eral body[] 
 []


Overfull \hbox (36.99692pt too wide) in paragraph at lines 557--557
 []    \OT1/cmtt/m/n/10 shall again have the opportunity to modify and approve 
the slate[] 
 []


Overfull \hbox (52.74678pt too wide) in paragraph at lines 557--557
 []    \OT1/cmtt/m/n/10 of proctors.  If no proctors have yet been approved, af
ter at least[] 
 []


Overfull \hbox (52.74678pt too wide) in paragraph at lines 557--557
 []    \OT1/cmtt/m/n/10 two failed votes to approve the current slate of procto
rs the chair[] 
 []


Overfull \hbox (42.24687pt too wide) in paragraph at lines 557--557
 []    \OT1/cmtt/m/n/10 may declare an impasse.  In such an impasse, five prese
nt members[] 
 []


Overfull \hbox (36.99692pt too wide) in paragraph at lines 557--557
 []    \OT1/cmtt/m/n/10 not presently nominated for office shall be selected as
 proctors[] 
 []


Overfull \hbox (42.24687pt too wide) in paragraph at lines 557--557
 []    \OT1/cmtt/m/n/10 by random process; or, if five such members cannot be f
ound, five[] 
 []


Overfull \hbox (42.24687pt too wide) in paragraph at lines 557--557
 []    \OT1/cmtt/m/n/10 members from the total attendance shall be so selected,
 but shall[] 
 []


Overfull \hbox (21.24706pt too wide) in paragraph at lines 557--557
 []    \OT1/cmtt/m/n/10 d. Election Procedure.  The election of each officer sh
all be[] 
 []


Overfull \hbox (63.24669pt too wide) in paragraph at lines 557--557
 []    \OT1/cmtt/m/n/10 concluded before the election of the next begins, and t
hese elections[] 
 []


Overfull \hbox (36.99692pt too wide) in paragraph at lines 557--557
 []    \OT1/cmtt/m/n/10 shall be held in order of the chain of command. Write-i
n ballots[] 
 []


Overfull \hbox (36.99692pt too wide) in paragraph at lines 557--557
 []    \OT1/cmtt/m/n/10 or other invalid ballots shall be considered as abstent
ions. The[] 
 []


Overfull \hbox (68.49664pt too wide) in paragraph at lines 557--557
 []    \OT1/cmtt/m/n/10 candidate receiving a majority of the votes cast for ea
ch office shall[] 
 []


Overfull \hbox (42.24687pt too wide) in paragraph at lines 557--557
 []    \OT1/cmtt/m/n/10 be declared elected. In the case of an all-way tie, an 
additional[] 
 []


Overfull \hbox (26.49701pt too wide) in paragraph at lines 557--557
 []    \OT1/cmtt/m/n/10 round shall be run. Should the tie repeat, the winner s
hall be[] 
 []


Overfull \hbox (63.24669pt too wide) in paragraph at lines 557--557
 []    \OT1/cmtt/m/n/10 decided by the proctors of the election by random proce
ss. Otherwise,[] 
 []


Overfull \hbox (36.99692pt too wide) in paragraph at lines 557--557
 []        \OT1/cmtt/m/n/10 1) Sort candidates into tiers of people with the sa
me number[] 
 []


Overfull \hbox (52.74678pt too wide) in paragraph at lines 557--557
 []        \OT1/cmtt/m/n/10 2) Starting with the lowest ranking tier, remove ti
ers from the[] 
 []


Overfull \hbox (57.99673pt too wide) in paragraph at lines 557--557
 []        \OT1/cmtt/m/n/10 running in increasing order of rank until removing 
another would[] 
 []


Overfull \hbox (52.74678pt too wide) in paragraph at lines 557--557
 []        \OT1/cmtt/m/n/10 bring the total number of votes removed above 1/3. 
If there are[] 
 []


Overfull \hbox (36.99692pt too wide) in paragraph at lines 557--557
 []        \OT1/cmtt/m/n/10 no tiers with a number of votes below 1/3, remove t
he lowest[] 
 []


Overfull \hbox (21.24706pt too wide) in paragraph at lines 557--557
 []        \OT1/cmtt/m/n/10 3) If more than one candidate remains, run another 
round.[] 
 []


Overfull \hbox (36.99692pt too wide) in paragraph at lines 557--557
 []    \OT1/cmtt/m/n/10 The winner shall be announced by the election proctors.
 At least[] 
 []


Overfull \hbox (47.49683pt too wide) in paragraph at lines 557--557
 []    \OT1/cmtt/m/n/10 three of the election proctors shall sign a document in
 triplicate[] 
 []


Overfull \hbox (47.49683pt too wide) in paragraph at lines 557--557
 []    \OT1/cmtt/m/n/10 containing the names of the new executive board. Vote t
otals shall[] 
 []


Overfull \hbox (52.74678pt too wide) in paragraph at lines 557--557
 []    \OT1/cmtt/m/n/10 not be announced. The ballots shall be destroyed upon c
ompletion of[] 
 []


Overfull \hbox (57.99673pt too wide) in paragraph at lines 557--557
 []    \OT1/cmtt/m/n/10 e. Election Quorum.  Election of officers may proceed i
n the absence[] 
 []


Overfull \hbox (68.49664pt too wide) in paragraph at lines 557--557
 []    \OT1/cmtt/m/n/10 of quorum if the presence at the meeting of every absen
tee voter would[] 
 []


Overfull \hbox (52.74678pt too wide) in paragraph at lines 557--557
 []\OT1/cmtt/m/n/10 Section 4. Nominations. No person may be a candidate in an 
organization[] 
 []


Overfull \hbox (52.74678pt too wide) in paragraph at lines 557--557
 []\OT1/cmtt/m/n/10 election who has not been nominated or who is not a voting 
organization[] 
 []


Overfull \hbox (63.24669pt too wide) in paragraph at lines 557--557
 []\OT1/cmtt/m/n/10 member in good standing. During the last quarter of the off
icial year the[] 
 []


Overfull \hbox (47.49683pt too wide) in paragraph at lines 557--557
 []\OT1/cmtt/m/n/10 Executive Board shall select a Nominating Committee consist
ing of four[] 
 []


Overfull \hbox (36.99692pt too wide) in paragraph at lines 557--557
 []\OT1/cmtt/m/n/10 (4) members willing to so serve, not more than one (1) of w
hom shall[] 
 []

[7]
Overfull \hbox (31.74696pt too wide) in paragraph at lines 557--557
 []\OT1/cmtt/m/n/10 be a member of the Board. The Recording Secretary shall imm
ediately[] 
 []


Overfull \hbox (57.99673pt too wide) in paragraph at lines 557--557
 []\OT1/cmtt/m/n/10 notify the committee members of their selection.  The Board
 shall name a[] 
 []


Overfull \hbox (57.99673pt too wide) in paragraph at lines 557--557
 []\OT1/cmtt/m/n/10 Chairperson for the committee and it shall be this person's
 duty to call[] 
 []


Overfull \hbox (52.74678pt too wide) in paragraph at lines 557--557
 []\OT1/cmtt/m/n/10 a committee meeting which shall be  held on or before March
 1. Once the[] 
 []


Overfull \hbox (36.99692pt too wide) in paragraph at lines 557--557
 []\OT1/cmtt/m/n/10 first meeting has been held, the membership of this committ
ee cannot[] 
 []


Overfull \hbox (31.74696pt too wide) in paragraph at lines 557--557
 []\OT1/cmtt/m/n/10 be altered by the board. No person who has served on the No
minating[] 
 []


Overfull \hbox (42.24687pt too wide) in paragraph at lines 557--557
 []    \OT1/cmtt/m/n/10 a. The committee shall encourage as many able members t
o nominate[] 
 []


Overfull \hbox (57.99673pt too wide) in paragraph at lines 557--557
 []    \OT1/cmtt/m/n/10 themselves for offices as possible. If any office has n
o nominations[] 
 []


Overfull \hbox (10.74715pt too wide) in paragraph at lines 557--557
 []    \OT1/cmtt/m/n/10 for candidates, one (1) week before nominations are clo
sed,[] 
 []


Overfull \hbox (57.99673pt too wide) in paragraph at lines 557--557
 []    \OT1/cmtt/m/n/10 Nominating Committee shall nominate one (1) person to t
hat position,[] 
 []


Overfull \hbox (57.99673pt too wide) in paragraph at lines 557--557
 []    \OT1/cmtt/m/n/10 and after securing the consent of each person so nomina
ted, shall on[] 
 []


Overfull \hbox (52.74678pt too wide) in paragraph at lines 557--557
 []    \OT1/cmtt/m/n/10 or before the fourth day before nominations are closed 
report their[] 
 []


Overfull \hbox (47.49683pt too wide) in paragraph at lines 557--557
 []    \OT1/cmtt/m/n/10 nominations to both the Recording and Corresponding Sec
retaries in[] 
 []


Overfull \hbox (42.24687pt too wide) in paragraph at lines 557--557
 []    \OT1/cmtt/m/n/10 writing. Nominating Committee is to do everything in it
s power to[] 
 []


Overfull \hbox (0.24724pt too wide) in paragraph at lines 557--557
 []    \OT1/cmtt/m/n/10 b. Upon receipt of the Nominating Committee's report, t
he[] 
 []


Overfull \hbox (31.74696pt too wide) in paragraph at lines 557--557
 []    \OT1/cmtt/m/n/10 Corresponding Secretary shall on or before the third da
y before[] 
 []


Overfull \hbox (68.49664pt too wide) in paragraph at lines 557--557
 []    \OT1/cmtt/m/n/10 nominations are closed notify each member in writing of
 the candidates[] 
 []


Overfull \hbox (63.24669pt too wide) in paragraph at lines 557--557
 []    \OT1/cmtt/m/n/10 c. Additional nominations may be made at any meeting af
ter the report[] 
 []


Overfull \hbox (36.99692pt too wide) in paragraph at lines 557--557
 []    \OT1/cmtt/m/n/10 of the nominating committee and before the annual meeti
ng by any[] 
 []


Overfull \hbox (52.74678pt too wide) in paragraph at lines 557--557
 []    \OT1/cmtt/m/n/10 member in attendance provided that the person so nomina
ted does not[] 
 []


Overfull \hbox (52.74678pt too wide) in paragraph at lines 557--557
 []    \OT1/cmtt/m/n/10 decline when his or her name is proposed, and provided 
further that[] 
 []


Overfull \hbox (31.74696pt too wide) in paragraph at lines 557--557
 []    \OT1/cmtt/m/n/10 if the proposed candidate is not in attendance at this 
meeting,[] 
 []


Overfull \hbox (31.74696pt too wide) in paragraph at lines 557--557
 []    \OT1/cmtt/m/n/10 the proposer shall present to the Recording Secretary a
 written[] 
 []


Overfull \hbox (15.9971pt too wide) in paragraph at lines 557--557
 []    \OT1/cmtt/m/n/10 statement of the candidate's willingness to be so nomin
ated.[] 
 []


Overfull \hbox (26.49701pt too wide) in paragraph at lines 557--557
 []    \OT1/cmtt/m/n/10 A voting member may be nominated and run for more than 
one (1)[] 
 []


Overfull \hbox (0.24724pt too wide) in paragraph at lines 557--557
 []    \OT1/cmtt/m/n/10 office, but shall only be allowed to hold one (1) offic
e.[] 
 []


Overfull \hbox (31.74696pt too wide) in paragraph at lines 557--557
 []    \OT1/cmtt/m/n/10 d. Upon finalization of the nominations and at least th
ree days[] 
 []


Overfull \hbox (52.74678pt too wide) in paragraph at lines 557--557
 []    \OT1/cmtt/m/n/10 before the annual meeting, the Corresponding Secretary 
shall notify[] 
 []


Overfull \hbox (57.99673pt too wide) in paragraph at lines 557--557
 []    \OT1/cmtt/m/n/10 e. Nominations cannot be made at the annual meeting or 
in any manner[] 
 []


Overfull \hbox (52.74678pt too wide) in paragraph at lines 557--557
 []\OT1/cmtt/m/n/10 Section 1. The Board may each year appoint standing ordinar
y committees[] 
 []


Overfull \hbox (57.99673pt too wide) in paragraph at lines 557--557
 []\OT1/cmtt/m/n/10 to advance the work of the organization. Special ordinary c
ommittees may[] 
 []


Overfull \hbox (42.24687pt too wide) in paragraph at lines 557--557
 []\OT1/cmtt/m/n/10 also be appointed by the Board to aid it on particular proj
ects. Such[] 
 []


Overfull \hbox (52.74678pt too wide) in paragraph at lines 557--557
 []\OT1/cmtt/m/n/10 committees shall always be subject to the final authority o
f the Board.[] 
 []


Overfull \hbox (47.49683pt too wide) in paragraph at lines 557--557
 []\OT1/cmtt/m/n/10 Section 2. Any ordinary committee appointment may be termin
ated by the[] 
 []


Overfull \hbox (42.24687pt too wide) in paragraph at lines 557--557
 []\OT1/cmtt/m/n/10 Board upon written notice to the appointee, and the Board m
ay appoint[] 
 []


Overfull \hbox (15.9971pt too wide) in paragraph at lines 557--557
 []\OT1/cmtt/m/n/10 successors to those persons whose services have been termin
ated.[] 
 []


Overfull \hbox (31.74696pt too wide) in paragraph at lines 557--557
 []\OT1/cmtt/m/n/10 Section 3. The organization may appoint extraordinary commi
ttees to[] 
 []


Overfull \hbox (57.99673pt too wide) in paragraph at lines 557--557
 []\OT1/cmtt/m/n/10 advance the work of the organization.  Each such committee 
has an owner,[] 
 []


Overfull \hbox (42.24687pt too wide) in paragraph at lines 557--557
 []\OT1/cmtt/m/n/10 who must be a member in good standing of the organization. 
 The owner[] 
 []

[8]
Overfull \hbox (52.74678pt too wide) in paragraph at lines 557--557
 []\OT1/cmtt/m/n/10 appoints and replaces the chair of the committee as deemed 
appropriate.[] 
 []


Overfull \hbox (15.9971pt too wide) in paragraph at lines 557--557
 []\OT1/cmtt/m/n/10 Section 4. The owner of an extraordinary committee is deter
mined[] 
 []


Overfull \hbox (26.49701pt too wide) in paragraph at lines 557--557
 []\OT1/cmtt/m/n/10 by auction, the proceeds of which are payable to the organi
zation.[] 
 []


Overfull \hbox (42.24687pt too wide) in paragraph at lines 557--557
 []\OT1/cmtt/m/n/10 In the event of a vacancy in ownership of an extraordinary 
committee,[] 
 []


Overfull \hbox (31.74696pt too wide) in paragraph at lines 557--557
 []\OT1/cmtt/m/n/10 Section 5. The owner of an extraordinary committee may tran
sfer the[] 
 []


Overfull \hbox (68.49664pt too wide) in paragraph at lines 557--557
 []\OT1/cmtt/m/n/10 ownership of the committee to another member in good standi
ng by notifying[] 
 []


Overfull \hbox (21.24706pt too wide) in paragraph at lines 557--557
 []\OT1/cmtt/m/n/10 Section 6. The Recording Secretary shall maintain a record 
of the[] 
 []


Overfull \hbox (21.24706pt too wide) in paragraph at lines 557--557
 []\OT1/cmtt/m/n/10 membership of all ordinary committees and of the ownership 
of all[] 
 []


Overfull \hbox (52.74678pt too wide) in paragraph at lines 557--557
 []\OT1/cmtt/m/n/10 Section 1. Any member of the organization shall be held acc
ountable for[] 
 []


Overfull \hbox (36.99692pt too wide) in paragraph at lines 557--557
 []\OT1/cmtt/m/n/10 any conduct considered injurious to the organization or its
 purposes[] 
 []


Overfull \hbox (42.24687pt too wide) in paragraph at lines 557--557
 []\OT1/cmtt/m/n/10 and objectives. The gravity of such conduct shall first be 
considered[] 
 []


Overfull \hbox (42.24687pt too wide) in paragraph at lines 557--557
 []\OT1/cmtt/m/n/10 at a hearing before the Executive Board.  Considering said 
charges of[] 
 []


Overfull \hbox (52.74678pt too wide) in paragraph at lines 557--557
 []\OT1/cmtt/m/n/10 conduct, the Board may, at its discretion, enforce any of t
he following[] 
 []


Overfull \hbox (57.99673pt too wide) in paragraph at lines 557--557
 []    \OT1/cmtt/m/n/10 a. Reprimand. The Board may reprimand the member for mi
nor offenses,[] 
 []


Overfull \hbox (47.49683pt too wide) in paragraph at lines 557--557
 []    \OT1/cmtt/m/n/10 which can include, but shall not be limited to, written
 reprimand,[] 
 []


Overfull \hbox (52.74678pt too wide) in paragraph at lines 557--557
 []    \OT1/cmtt/m/n/10 b. Suspension. For offenses of a more serious nature, t
he Board may[] 
 []


Overfull \hbox (52.74678pt too wide) in paragraph at lines 557--557
 []    \OT1/cmtt/m/n/10 suspend membership privileges of the member for any len
gth of time,[] 
 []


Overfull \hbox (63.24669pt too wide) in paragraph at lines 557--557
 []    \OT1/cmtt/m/n/10 c. Expulsion. Considering the most heinous of offenses,
 the Board may[] 
 []


Overfull \hbox (52.74678pt too wide) in paragraph at lines 557--557
 []    \OT1/cmtt/m/n/10 propose to the organization membership expulsion of the
 member. The[] 
 []


Overfull \hbox (31.74696pt too wide) in paragraph at lines 557--557
 []    \OT1/cmtt/m/n/10 organization shall then vote at the next Regular Meetin
g of the[] 
 []


Overfull \hbox (15.9971pt too wide) in paragraph at lines 557--557
 []    \OT1/cmtt/m/n/10 organization, and the proposal for expulsion shall requ
ire a[] 
 []


Overfull \hbox (47.49683pt too wide) in paragraph at lines 557--557
 []\OT1/cmtt/m/n/10 Section 2. Any member so charged shall be given written not
ice of said[] 
 []


Overfull \hbox (42.24687pt too wide) in paragraph at lines 557--557
 []\OT1/cmtt/m/n/10 hearing at least ten (10) days prior to that hearing, and s
uch member[] 
 []


Overfull \hbox (31.74696pt too wide) in paragraph at lines 557--557
 []\OT1/cmtt/m/n/10 shall have the right to be present at said hearing for the 
purposes[] 
 []


Overfull \hbox (52.74678pt too wide) in paragraph at lines 557--557
 []\OT1/cmtt/m/n/10 Section 3. Any member affected by Section 1, Parts (a) and 
(b), of this[] 
 []


Overfull \hbox (57.99673pt too wide) in paragraph at lines 557--557
 []\OT1/cmtt/m/n/10 Article, shall have thirty (30) days to appeal said proceed
ings. Written[] 
 []


Overfull \hbox (31.74696pt too wide) in paragraph at lines 557--557
 []\OT1/cmtt/m/n/10 notice of appeal shall be presented to the Recording Secret
ary. The[] 
 []


Overfull \hbox (47.49683pt too wide) in paragraph at lines 557--557
 []\OT1/cmtt/m/n/10 Board shall then, in turn, present the matter to the voting
 membership[] 
 []


Overfull \hbox (36.99692pt too wide) in paragraph at lines 557--557
 []\OT1/cmtt/m/n/10 at the next Regular organization meeting.  An affirmative t
wo-thirds[] 
 []


Overfull \hbox (21.24706pt too wide) in paragraph at lines 557--557
 []\OT1/cmtt/m/n/10 (2/3) vote shall be required to sustain the actions of the 
Board.[] 
 []


Overfull \hbox (63.24669pt too wide) in paragraph at lines 557--557
 []\OT1/cmtt/m/n/10 Section 4. Any person whose membership is terminated accord
ing to Section[] 
 []


Overfull \hbox (52.74678pt too wide) in paragraph at lines 557--557
 []\OT1/cmtt/m/n/10 1 of this article must present his or her application for r
einstatement[] 
 []


Overfull \hbox (36.99692pt too wide) in paragraph at lines 557--557
 []\OT1/cmtt/m/n/10 to the Executive Board for approval prior to being voted up
on by the[] 
 []

[9]
Overfull \hbox (42.24687pt too wide) in paragraph at lines 557--557
 []\OT1/cmtt/m/n/10 The rules contained in the current edition of ROBERT'S RULE
S OF ORDER[] 
 []


Overfull \hbox (47.49683pt too wide) in paragraph at lines 557--557
 []\OT1/cmtt/m/n/10 NEWLY REVISED shall govern the organization in all cases to
 which they[] 
 []


Overfull \hbox (52.74678pt too wide) in paragraph at lines 557--557
 []\OT1/cmtt/m/n/10 are applicable and in which they are not inconsistent with 
these Bylaws[] 
 []


Overfull \hbox (47.49683pt too wide) in paragraph at lines 557--557
 []\OT1/cmtt/m/n/10 Section 1. Amendments to these bylaws may be proposed by th
e Executive[] 
 []


Overfull \hbox (26.49701pt too wide) in paragraph at lines 557--557
 []\OT1/cmtt/m/n/10 Board or by written petition addressed to the Recording Sec
retary.[] 
 []


Overfull \hbox (57.99673pt too wide) in paragraph at lines 557--557
 []\OT1/cmtt/m/n/10 Amendments proposed by such petition shall be promptly cons
idered by the[] 
 []


Overfull \hbox (47.49683pt too wide) in paragraph at lines 557--557
 []\OT1/cmtt/m/n/10 Board and must be submitted to the members with the recomme
ndations of[] 
 []


Overfull \hbox (52.74678pt too wide) in paragraph at lines 557--557
 []\OT1/cmtt/m/n/10 the Board by the Recording Secretary for a vote within thir
ty (30) days[] 
 []


Overfull \hbox (47.49683pt too wide) in paragraph at lines 557--557
 []\OT1/cmtt/m/n/10 of the date when the petition was received by the Recording
 Secretary.[] 
 []


Overfull \hbox (57.99673pt too wide) in paragraph at lines 557--557
 []\OT1/cmtt/m/n/10 Section 2. These bylaws may be amended by a two-thirds (2/3
) vote at any[] 
 []


Overfull \hbox (57.99673pt too wide) in paragraph at lines 557--557
 []\OT1/cmtt/m/n/10 regular or special meeting called for the purpose, provided
 the proposed[] 
 []


Overfull \hbox (42.24687pt too wide) in paragraph at lines 557--557
 []\OT1/cmtt/m/n/10 amendments have been included in the notice of the meeting 
and mailed[] 
 []


Overfull \hbox (47.49683pt too wide) in paragraph at lines 557--557
 []\OT1/cmtt/m/n/10 to each member at least six (6) days prior to the date of t
he meeting.[] 
 []


Overfull \hbox (57.99673pt too wide) in paragraph at lines 557--557
 []\OT1/cmtt/m/n/10 The organization may accept donations in the form of money,
 equipment or[] 
 []


Overfull \hbox (47.49683pt too wide) in paragraph at lines 557--557
 []\OT1/cmtt/m/n/10 other property to be used for the exclusive benefit of the 
membership,[] 
 []


Overfull \hbox (68.49664pt too wide) in paragraph at lines 557--557
 []\OT1/cmtt/m/n/10 provided however, that all contributions and donations to t
he organization[] 
 []


Overfull \hbox (52.74678pt too wide) in paragraph at lines 557--557
 []\OT1/cmtt/m/n/10 The organization may be dissolved at any time by the writte
n consent of[] 
 []


Overfull \hbox (47.49683pt too wide) in paragraph at lines 557--557
 []\OT1/cmtt/m/n/10 not less than two-thirds (2/3) of the voting members in goo
d standing.[] 
 []


Overfull \hbox (47.49683pt too wide) in paragraph at lines 557--557
 []\OT1/cmtt/m/n/10 In the event of the dissolution of the organization, whethe
r voluntary[] 
 []


Overfull \hbox (26.49701pt too wide) in paragraph at lines 557--557
 []\OT1/cmtt/m/n/10 or involuntary or by operation of law, none of the property
 of the[] 
 []


Overfull \hbox (57.99673pt too wide) in paragraph at lines 557--557
 []\OT1/cmtt/m/n/10 organization nor any proceeds thereof nor any assets of the
 organization[] 
 []


Overfull \hbox (47.49683pt too wide) in paragraph at lines 557--557
 []\OT1/cmtt/m/n/10 shall be distributed to any members of the organization. Af
ter payment[] 
 []


Overfull \hbox (57.99673pt too wide) in paragraph at lines 557--557
 []\OT1/cmtt/m/n/10 of the debts of the organization, its property and assets s
hall be given[] 
 []


Overfull \hbox (52.74678pt too wide) in paragraph at lines 557--557
 []\OT1/cmtt/m/n/10 to a similar organization or sold and the money donated to 
a charitable[] 
 []


Overfull \hbox (26.49701pt too wide) in paragraph at lines 557--557
 []\OT1/cmtt/m/n/10 Section 1. At meetings of the organization, the order of bu
siness,[] 
 []


Overfull \hbox (47.49683pt too wide) in paragraph at lines 557--557
 []\OT1/cmtt/m/n/10 so far as the character and nature of the meeting may permi
t, shall be[] 
 []


Overfull \hbox (15.9971pt too wide) in paragraph at lines 557--557
 []    \OT1/cmtt/m/n/10 a. Reading and correction of the minutes of the last re
gular[] 
 []


Overfull \hbox (31.74696pt too wide) in paragraph at lines 557--557
 []    \OT1/cmtt/m/n/10 organization meeting and any special meetings or Board 
meetings[] 
 []


Overfull \hbox (52.74678pt too wide) in paragraph at lines 557--557
 []    \OT1/cmtt/m/n/10 held in the interim b. Reports of officers c. Reports o
f committees[] 
 []

[10]
Overfull \hbox (36.99692pt too wide) in paragraph at lines 557--557
 []    \OT1/cmtt/m/n/10 d. Old business e. New business f. Elections (at annual
 meeting)[] 
 []


Overfull \hbox (52.74678pt too wide) in paragraph at lines 557--557
 []    \OT1/cmtt/m/n/10 g. Actual Real Relevant Announcements Pertaining to the
 Business of[] 
 []


Overfull \hbox (26.49701pt too wide) in paragraph at lines 557--557
 []\OT1/cmtt/m/n/10 Section 2. At meetings of the Board, the order of business,
 unless[] 
 []


Overfull \hbox (68.49664pt too wide) in paragraph at lines 557--557
 []\OT1/cmtt/m/n/10 otherwise directed by majority vote of those present, shall
 be as follows:[] 
 []


Overfull \hbox (47.49683pt too wide) in paragraph at lines 557--557
 []    \OT1/cmtt/m/n/10 a. Reading and correction of the minutes of the last re
gular Board[] 
 []


Overfull \hbox (42.24687pt too wide) in paragraph at lines 557--557
 []    \OT1/cmtt/m/n/10 meeting and any special meetings or organization meetin
gs held in[] 
 []


Overfull \hbox (47.49683pt too wide) in paragraph at lines 557--557
 []    \OT1/cmtt/m/n/10 the interim b. Reports of officers c. Reports of commit
tees d. Old[] 
 []

[11] (./bylaws.aux) ) 
Here is how much of TeX's memory you used:
 1464 strings out of 495063
 20957 string characters out of 3182201
 84255 words of memory out of 3000000
 4666 multiletter control sequences out of 15000+200000
 3808 words of font info for 15 fonts, out of 3000000 for 9000
 14 hyphenation exceptions out of 8191
 37i,5n,23p,234b,302s stack positions out of 5000i,500n,10000p,200000b,50000s
</usr/share/texlive/texmf-dist/fonts/type1/public/amsfonts
/cm/cmr10.pfb></usr/share/texlive/texmf-dist/fonts/type1/public/amsfonts/cm/cmt
t10.pfb>
Output written on bylaws.pdf (11 pages, 103659 bytes).
PDF statistics:
 49 PDF objects out of 1000 (max. 8388607)
 32 compressed objects within 1 object stream
 0 named destinations out of 1000 (max. 500000)
 6 words of extra memory for PDF output out of 10000 (max. 10000000)

